<?xml version="1.0" encoding="UTF-8"?>
<testsuite name="Sample.SampleRestful.data.jpa.SampleDataRestApplicationTests" time="0" tests="1" errors="1" skipped="0" failures="0">
  <properties>
[...]
</properties>
  <testcase name="testHome" classname="Sample.SampleRestful.data.jpa.SampleDataRestApplicationTests" time="0">
    <error message="Unresolved compilation problems: &#10;	The import org.springframework.boot.test.SpringApplicationConfiguration cannot be resolved&#10;	SpringApplicationConfiguration cannot be resolved to a type&#10;" type="java.lang.Error"><![CDATA[java.lang.Error: Unresolved compilation problems: 
	The import org.springframework.boot.test.SpringApplicationConfiguration cannot be resolved
	SpringApplicationConfiguration cannot be resolved to a type

	at Sample.SampleRestful.data.jpa.SampleDataRestApplicationTests.<init>(SampleDataRestApplicationTests.java:23)
]]></error>
    <system-out><![CDATA[22:52:57.908 [main] DEBUG org.springframework.test.context.junit4.SpringJUnit4ClassRunner - SpringJUnit4ClassRunner constructor called with [class Sample.SampleRestful.data.jpa.SampleDataRestApplicationTests]
22:52:57.916 [main] DEBUG org.springframework.test.context.BootstrapUtils - Instantiating CacheAwareContextLoaderDelegate from class [org.springframework.test.context.cache.DefaultCacheAwareContextLoaderDelegate]
22:52:57.916 [main] DEBUG org.springframework.test.context.BootstrapUtils - Instantiating BootstrapContext using constructor [public org.springframework.test.context.support.DefaultBootstrapContext(java.lang.Class,org.springframework.test.context.CacheAwareContextLoaderDelegate)]
22:52:57.917 [main] DEBUG org.springframework.test.context.BootstrapUtils - Instantiating TestContextBootstrapper for test class [Sample.SampleRestful.data.jpa.SampleDataRestApplicationTests] from class [org.springframework.test.context.web.WebTestContextBootstrapper]
22:52:57.929 [main] INFO org.springframework.test.context.web.WebTestContextBootstrapper - Neither @ContextConfiguration nor @ContextHierarchy found for test class [Sample.SampleRestful.data.jpa.SampleDataRestApplicationTests], using WebDelegatingSmartContextLoader
22:52:57.931 [main] DEBUG org.springframework.test.context.support.AbstractDelegatingSmartContextLoader - Delegating to GenericXmlWebContextLoader to process context configuration [ContextConfigurationAttributes@42d8062c declaringClass = 'Sample.SampleRestful.data.jpa.SampleDataRestApplicationTests', classes = '{}', locations = '{}', inheritLocations = false, initializers = '{}', inheritInitializers = true, name = [null], contextLoaderClass = 'org.springframework.test.context.ContextLoader'].
22:52:57.933 [main] DEBUG org.springframework.test.context.support.AbstractContextLoader - Did not detect default resource location for test class [Sample.SampleRestful.data.jpa.SampleDataRestApplicationTests]: class path resource [Sample/SampleRestful/data/jpa/SampleDataRestApplicationTests-context.xml] does not exist
22:52:57.934 [main] INFO org.springframework.test.context.support.AbstractContextLoader - Could not detect default resource locations for test class [Sample.SampleRestful.data.jpa.SampleDataRestApplicationTests]: no resource found for suffixes {-context.xml}.
22:52:57.934 [main] DEBUG org.springframework.test.context.support.AbstractDelegatingSmartContextLoader - Delegating to AnnotationConfigWebContextLoader to process context configuration [ContextConfigurationAttributes@42d8062c declaringClass = 'Sample.SampleRestful.data.jpa.SampleDataRestApplicationTests', classes = '{}', locations = '{}', inheritLocations = false, initializers = '{}', inheritInitializers = true, name = [null], contextLoaderClass = 'org.springframework.test.context.ContextLoader'].
22:52:57.934 [main] INFO org.springframework.test.context.support.AnnotationConfigContextLoaderUtils - Could not detect default configuration classes for test class [Sample.SampleRestful.data.jpa.SampleDataRestApplicationTests]: SampleDataRestApplicationTests does not declare any static, non-private, non-final, nested classes annotated with @Configuration.
22:52:57.940 [main] DEBUG org.springframework.test.context.web.WebTestContextBootstrapper - @TestExecutionListeners is not present for class [Sample.SampleRestful.data.jpa.SampleDataRestApplicationTests]: using defaults.
22:52:57.960 [main] INFO org.springframework.test.context.web.WebTestContextBootstrapper - Loaded default TestExecutionListener class names from location [META-INF/spring.factories]: [org.springframework.boot.test.mock.mockito.MockitoTestExecutionListener, org.springframework.boot.test.mock.mockito.ResetMocksTestExecutionListener, org.springframework.boot.test.autoconfigure.restdocs.RestDocsTestExecutionListener, org.springframework.boot.test.autoconfigure.web.client.MockRestServiceServerResetTestExecutionListener, org.springframework.boot.test.autoconfigure.web.servlet.MockMvcPrintOnlyOnFailureTestExecutionListener, org.springframework.boot.test.autoconfigure.web.servlet.WebDriverTestExecutionListener, org.springframework.test.context.web.ServletTestExecutionListener, org.springframework.test.context.support.DirtiesContextBeforeModesTestExecutionListener, org.springframework.test.context.support.DependencyInjectionTestExecutionListener, org.springframework.test.context.support.DirtiesContextTestExecutionListener, org.springframework.test.context.transaction.TransactionalTestExecutionListener, org.springframework.test.context.jdbc.SqlScriptsTestExecutionListener]
22:52:57.961 [main] INFO org.springframework.test.context.web.WebTestContextBootstrapper - Could not instantiate TestExecutionListener [org.springframework.test.context.transaction.TransactionalTestExecutionListener]. Specify custom listener classes or make the default listener classes (and their required dependencies) available. Offending class: [org/springframework/transaction/interceptor/TransactionAttributeSource]
22:52:57.967 [main] INFO org.springframework.test.context.web.WebTestContextBootstrapper - Could not instantiate TestExecutionListener [org.springframework.test.context.jdbc.SqlScriptsTestExecutionListener]. Specify custom listener classes or make the default listener classes (and their required dependencies) available. Offending class: [org/springframework/transaction/interceptor/TransactionAttribute]
22:52:57.970 [main] INFO org.springframework.test.context.web.WebTestContextBootstrapper - Using TestExecutionListeners: [org.springframework.test.context.web.ServletTestExecutionListener@1060b431, org.springframework.test.context.support.DirtiesContextBeforeModesTestExecutionListener@612679d6, org.springframework.test.context.support.DependencyInjectionTestExecutionListener@11758f2a, org.springframework.test.context.support.DirtiesContextTestExecutionListener@e720b71, org.springframework.boot.test.autoconfigure.restdocs.RestDocsTestExecutionListener@1b26f7b2, org.springframework.boot.test.autoconfigure.web.client.MockRestServiceServerResetTestExecutionListener@491cc5c9, org.springframework.boot.test.autoconfigure.web.servlet.MockMvcPrintOnlyOnFailureTestExecutionListener@74ad1f1f, org.springframework.boot.test.mock.mockito.MockitoTestExecutionListener@6a1aab78, org.springframework.boot.test.autoconfigure.web.servlet.WebDriverTestExecutionListener@462d5aee, org.springframework.boot.test.mock.mockito.ResetMocksTestExecutionListener@69b0fd6f]
22:52:57.970 [main] DEBUG org.springframework.test.annotation.ProfileValueUtils - Retrieved @ProfileValueSourceConfiguration [null] for test class [Sample.SampleRestful.data.jpa.SampleDataRestApplicationTests]
22:52:57.970 [main] DEBUG org.springframework.test.annotation.ProfileValueUtils - Retrieved ProfileValueSource type [class org.springframework.test.annotation.SystemProfileValueSource] for class [Sample.SampleRestful.data.jpa.SampleDataRestApplicationTests]
22:52:57.972 [main] DEBUG org.springframework.test.annotation.ProfileValueUtils - Retrieved @ProfileValueSourceConfiguration [null] for test class [Sample.SampleRestful.data.jpa.SampleDataRestApplicationTests]
22:52:57.972 [main] DEBUG org.springframework.test.annotation.ProfileValueUtils - Retrieved ProfileValueSource type [class org.springframework.test.annotation.SystemProfileValueSource] for class [Sample.SampleRestful.data.jpa.SampleDataRestApplicationTests]
22:52:57.976 [main] DEBUG org.springframework.test.context.support.AbstractDirtiesContextTestExecutionListener - Before test class: context [DefaultTestContext@b7dd107 testClass = SampleDataRestApplicationTests, testInstance = [null], testMethod = [null], testException = [null], mergedContextConfiguration = [WebMergedContextConfiguration@42eca56e testClass = SampleDataRestApplicationTests, locations = '{}', classes = '{}', contextInitializerClasses = '[]', activeProfiles = '{scratch}', propertySourceLocations = '{}', propertySourceProperties = '{}', contextCustomizers = set[org.springframework.boot.test.context.filter.ExcludeFilterContextCustomizer@5a8e6209, org.springframework.boot.test.json.DuplicateJsonObjectContextCustomizerFactory$DuplicateJsonObjectContextCustomizer@369f73a2, org.springframework.boot.test.mock.mockito.MockitoContextCustomizer@0, org.springframework.boot.test.autoconfigure.properties.PropertyMappingContextCustomizer@0, org.springframework.boot.test.autoconfigure.web.servlet.WebDriverContextCustomizerFactory$Customizer@68bbe345, org.springframework.test.context.web.socket.MockServerContainerContextCustomizer@4bbfb90a], resourceBasePath = 'src/main/webapp', contextLoader = 'org.springframework.test.context.web.WebDelegatingSmartContextLoader', parent = [null]]], class annotated with @DirtiesContext [false] with mode [null].
22:52:57.977 [main] DEBUG org.springframework.test.annotation.ProfileValueUtils - Retrieved @ProfileValueSourceConfiguration [null] for test class [Sample.SampleRestful.data.jpa.SampleDataRestApplicationTests]
22:52:57.977 [main] DEBUG org.springframework.test.annotation.ProfileValueUtils - Retrieved ProfileValueSource type [class org.springframework.test.annotation.SystemProfileValueSource] for class [Sample.SampleRestful.data.jpa.SampleDataRestApplicationTests]
]]></system-out>
  </testcase>
</testsuite>